#
# A fatal error has been detected by the Java Runtime Environment:
#
#  EXCEPTION_ACCESS_VIOLATION (0xc0000005) at pc=0x00007ff9632a4380, pid=22084, tid=20168
#
# JRE version: Java(TM) SE Runtime Environment (17.0.1+12) (build 17.0.1+12-LTS-39)
# Java VM: Java HotSpot(TM) 64-Bit Server VM (17.0.1+12-LTS-39, mixed mode, sharing, tiered, compressed oops, compressed class ptrs, g1 gc, windows-amd64)
# Problematic frame:
# C  [atio6axx.dll+0x1be4380]
#
# No core dump will be written. Minidumps are not enabled by default on client versions of Windows
#
# If you would like to submit a bug report, please visit:
#   https://bugreport.java.com/bugreport/crash.jsp
# The crash happened outside the Java Virtual Machine in native code.
# See problematic frame for where to report the bug.
#

---------------  S U M M A R Y ------------

Command Line: -XX:+ShowCodeDetailsInExceptionMessages project.Main

Host: AMD Ryzen 5 5600H with Radeon Graphics         , 12 cores, 7G,  Windows 10 , 64 bit Build 22621 (10.0.22621.1194)
Time: Sat Feb 18 12:38:44 2023 SE Asia Standard Time elapsed time: 1.943879 seconds (0d 0h 0m 1s)

---------------  T H R E A D  ---------------

Current thread (0x0000014b18d56be0):  JavaThread "main" [_thread_in_native, id=20168, stack(0x0000000880d00000,0x0000000880e00000)]

Stack: [0x0000000880d00000,0x0000000880e00000],  sp=0x0000000880dfe618,  free space=1017k
Native frames: (J=compiled Java code, j=interpreted, Vv=VM code, C=native code)
C  [atio6axx.dll+0x1be4380]

Java frames: (J=compiled Java code, j=interpreted, Vv=VM code)
j  org.lwjgl.opengl.GL11C.nglTexImage2D(IIIIIIIIJ)V+0
j  org.lwjgl.opengl.GL11C.glTexImage2D(IIIIIIIILjava/nio/ByteBuffer;)V+17
j  org.lwjgl.opengl.GL11.glTexImage2D(IIIIIIIILjava/nio/ByteBuffer;)V+14
j  engine.util.Font.init(III)V+111
j  engine.util.Font.<init>(Ljava/lang/String;III)V+214
j  engine.util.AssetPool.getFont(Ljava/lang/String;)Lengine/util/Font;+52
j  engine.component._2D.Text.<init>(Ljava/lang/String;)V+42
j  engine.editor.scenes.EditorScene.<init>()V+11
j  engine.Window.init()V+238
j  engine.Window.run()V+1
j  project.Main.main([Ljava/lang/String;)V+5
v  ~StubRoutines::call_stub

siginfo: EXCEPTION_ACCESS_VIOLATION (0xc0000005), reading address 0x0000014b465a5122


Register to memory mapping:

RIP=0x00007ff9632a4380 atio6axx.dll
RAX=0x0000014b46c11040 points into unknown readable memory: 0x0000000000000000 | 00 00 00 00 00 00 00 00
RBX=0x0000014b3f2c8ea0 points into unknown readable memory: 0x0000080000000001 | 01 00 00 00 00 08 00 00
RCX=0x0000014b46c11040 points into unknown readable memory: 0x0000000000000000 | 00 00 00 00 00 00 00 00
RDX=0x0000014b461a5142 points into unknown readable memory: 00 00 00 00 00 00
RSP=0x0000000880dfe618 is pointing into the stack for thread: 0x0000014b18d56be0
RBP=0x0000014b378dcde8 points into unknown readable memory: 0x0000000000400000 | 00 00 40 00 00 00 00 00
RSI=0x0000014b378dcde8 points into unknown readable memory: 0x0000000000400000 | 00 00 40 00 00 00 00 00
RDI=0x0000000000400000 is an unknown value
R8 =0x0000000000400000 is an unknown value
R9 =0x0000014b465a5142 is an unknown value
R10=0x00007ff9616c0000 atio6axx.dll
R11=0x0000000000000246 is an unknown value
R12=0x00007ff9641a9df8 atio6axx.dll
R13=0x0000014b39341b70 points into unknown readable memory: 0x0000014b3ed3ef10 | 10 ef d3 3e 4b 01 00 00
R14=0x0000000000000800 is an unknown value
R15=0x0000000000000800 is an unknown value


Registers:
RAX=0x0000014b46c11040, RBX=0x0000014b3f2c8ea0, RCX=0x0000014b46c11040, RDX=0x0000014b461a5142
RSP=0x0000000880dfe618, RBP=0x0000014b378dcde8, RSI=0x0000014b378dcde8, RDI=0x0000000000400000
R8 =0x0000000000400000, R9 =0x0000014b465a5142, R10=0x00007ff9616c0000, R11=0x0000000000000246
R12=0x00007ff9641a9df8, R13=0x0000014b39341b70, R14=0x0000000000000800, R15=0x0000000000000800
RIP=0x00007ff9632a4380, EFLAGS=0x0000000000010206

Top of Stack: (sp=0x0000000880dfe618)
0x0000000880dfe618:   00007ff962b35a3b 0000014b3ec65cd0
0x0000000880dfe628:   0000014b3936a858 0000000000000800
0x0000000880dfe638:   0000000000000000 0000000000000000
0x0000000880dfe648:   00000000000001a0 0000014b3ebc3fc0
0x0000000880dfe658:   00007ff9632d34dc 0000014b3ec65cd0
0x0000000880dfe668:   0000000880dfe8a8 0000000000000800
0x0000000880dfe678:   0000000000000001 0000014b3ec65cd0
0x0000000880dfe688:   00007ff962abf89a 0000014b3f2c8e01
0x0000000880dfe698:   0000000000000000 0000014b3f1c5df0
0x0000000880dfe6a8:   0000014b39341b70 3f80000000000001
0x0000000880dfe6b8:   3f80000000000000 000000000000001e
0x0000000880dfe6c8:   0000000000000000 0000014b461a5142
0x0000000880dfe6d8:   3f80000000000001 0000000000000000
0x0000000880dfe6e8:   0000000880dfe780 0000000000000800
0x0000000880dfe6f8:   0000000000000000 0000014b00000000
0x0000000880dfe708:   0000000000000000 0000000800000000 

Instructions: (pc=0x00007ff9632a4380)
0x00007ff9632a4280:   89 40 04 44 88 48 06 c3 4c 8b 02 8b 4a 08 44 0f
0x00007ff9632a4290:   b7 4a 0c 4c 89 00 89 48 08 66 44 89 48 0c c3 0f
0x00007ff9632a42a0:   b7 0a 44 0f b6 42 02 66 89 08 44 88 40 02 c3 90
0x00007ff9632a42b0:   4c 8b 02 8b 4a 08 44 0f b6 4a 0c 4c 89 00 89 48
0x00007ff9632a42c0:   08 44 88 48 0c c3 4c 8b 02 0f b7 4a 08 4c 89 00
0x00007ff9632a42d0:   66 89 48 08 c3 4c 8b 02 0f b6 4a 08 4c 89 00 88
0x00007ff9632a42e0:   48 08 c3 4c 8b 02 8b 4a 08 4c 89 00 89 48 08 c3
0x00007ff9632a42f0:   8b 0a 44 0f b7 42 04 89 08 66 44 89 40 04 c3 8b
0x00007ff9632a4300:   0a 44 0f b6 42 04 89 08 44 88 40 04 c3 48 8b 0a
0x00007ff9632a4310:   48 89 08 c3 0f b6 0a 88 08 c3 8b 0a 89 08 c3 90
0x00007ff9632a4320:   49 83 f8 20 77 17 f3 0f 6f 0a f3 42 0f 6f 54 02
0x00007ff9632a4330:   f0 f3 0f 7f 09 f3 42 0f 7f 54 01 f0 c3 48 3b d1
0x00007ff9632a4340:   73 0e 4e 8d 0c 02 49 3b c9 0f 82 41 04 00 00 90
0x00007ff9632a4350:   83 3d a9 02 e5 00 03 0f 82 e3 02 00 00 49 81 f8
0x00007ff9632a4360:   00 20 00 00 76 16 49 81 f8 00 00 18 00 77 0d f6
0x00007ff9632a4370:   05 32 66 00 01 02 0f 85 64 fe ff ff c5 fe 6f 02
0x00007ff9632a4380:   c4 a1 7e 6f 6c 02 e0 49 81 f8 00 01 00 00 0f 86
0x00007ff9632a4390:   c4 00 00 00 4c 8b c9 49 83 e1 1f 49 83 e9 20 49
0x00007ff9632a43a0:   2b c9 49 2b d1 4d 03 c1 49 81 f8 00 01 00 00 0f
0x00007ff9632a43b0:   86 a3 00 00 00 49 81 f8 00 00 18 00 0f 87 3e 01
0x00007ff9632a43c0:   00 00 66 66 66 66 66 66 0f 1f 84 00 00 00 00 00
0x00007ff9632a43d0:   c5 fe 6f 0a c5 fe 6f 52 20 c5 fe 6f 5a 40 c5 fe
0x00007ff9632a43e0:   6f 62 60 c5 fd 7f 09 c5 fd 7f 51 20 c5 fd 7f 59
0x00007ff9632a43f0:   40 c5 fd 7f 61 60 c5 fe 6f 8a 80 00 00 00 c5 fe
0x00007ff9632a4400:   6f 92 a0 00 00 00 c5 fe 6f 9a c0 00 00 00 c5 fe
0x00007ff9632a4410:   6f a2 e0 00 00 00 c5 fd 7f 89 80 00 00 00 c5 fd
0x00007ff9632a4420:   7f 91 a0 00 00 00 c5 fd 7f 99 c0 00 00 00 c5 fd
0x00007ff9632a4430:   7f a1 e0 00 00 00 48 81 c1 00 01 00 00 48 81 c2
0x00007ff9632a4440:   00 01 00 00 49 81 e8 00 01 00 00 49 81 f8 00 01
0x00007ff9632a4450:   00 00 0f 83 78 ff ff ff 4d 8d 48 1f 49 83 e1 e0
0x00007ff9632a4460:   4d 8b d9 49 c1 eb 05 47 8b 9c 9a 40 50 db 02 4d
0x00007ff9632a4470:   03 da 41 ff e3 c4 a1 7e 6f 8c 0a 00 ff ff ff c4 


Stack slot to memory mapping:
stack at sp + 0 slots: 0x00007ff962b35a3b atio6axx.dll
stack at sp + 1 slots: 0x0000014b3ec65cd0 points into unknown readable memory: 0x00007ff963ee85c8 | c8 85 ee 63 f9 7f 00 00
stack at sp + 2 slots: 0x0000014b3936a858 points into unknown readable memory: 0x0000000000000000 | 00 00 00 00 00 00 00 00
stack at sp + 3 slots: 0x0000000000000800 is an unknown value
stack at sp + 4 slots: 0x0 is NULL
stack at sp + 5 slots: 0x0 is NULL
stack at sp + 6 slots: 0x00000000000001a0 is an unknown value
stack at sp + 7 slots: 0x0000014b3ebc3fc0 points into unknown readable memory: 0x0000000100000200 | 00 02 00 00 01 00 00 00


---------------  P R O C E S S  ---------------

Threads class SMR info:
_java_thread_list=0x0000014b3f186a10, length=12, elements={
0x0000014b18d56be0, 0x0000014b36cbaf30, 0x0000014b36cbb7f0, 0x0000014b36cd3950,
0x0000014b36cd4210, 0x0000014b36cd6ae0, 0x0000014b36cd73a0, 0x0000014b36cdb490,
0x0000014b36ce3da0, 0x0000014b36ce4eb0, 0x0000014b378daf90, 0x0000014b378e5000
}

Java Threads: ( => current thread )
=>0x0000014b18d56be0 JavaThread "main" [_thread_in_native, id=20168, stack(0x0000000880d00000,0x0000000880e00000)]
  0x0000014b36cbaf30 JavaThread "Reference Handler" daemon [_thread_blocked, id=15592, stack(0x0000000881400000,0x0000000881500000)]
  0x0000014b36cbb7f0 JavaThread "Finalizer" daemon [_thread_blocked, id=3864, stack(0x0000000881500000,0x0000000881600000)]
  0x0000014b36cd3950 JavaThread "Signal Dispatcher" daemon [_thread_blocked, id=10468, stack(0x0000000881600000,0x0000000881700000)]
  0x0000014b36cd4210 JavaThread "Attach Listener" daemon [_thread_blocked, id=8432, stack(0x0000000881700000,0x0000000881800000)]
  0x0000014b36cd6ae0 JavaThread "Service Thread" daemon [_thread_blocked, id=15800, stack(0x0000000881800000,0x0000000881900000)]
  0x0000014b36cd73a0 JavaThread "Monitor Deflation Thread" daemon [_thread_blocked, id=2052, stack(0x0000000881900000,0x0000000881a00000)]
  0x0000014b36cdb490 JavaThread "C2 CompilerThread0" daemon [_thread_blocked, id=21588, stack(0x0000000881a00000,0x0000000881b00000)]
  0x0000014b36ce3da0 JavaThread "C1 CompilerThread0" daemon [_thread_blocked, id=9564, stack(0x0000000881b00000,0x0000000881c00000)]
  0x0000014b36ce4eb0 JavaThread "Sweeper thread" daemon [_thread_blocked, id=21860, stack(0x0000000881c00000,0x0000000881d00000)]
  0x0000014b378daf90 JavaThread "Notification Thread" daemon [_thread_blocked, id=2128, stack(0x0000000881d00000,0x0000000881e00000)]
  0x0000014b378e5000 JavaThread "Common-Cleaner" daemon [_thread_blocked, id=5496, stack(0x0000000881f00000,0x0000000882000000)]

Other Threads:
  0x0000014b36cb49d0 VMThread "VM Thread" [stack: 0x0000000881300000,0x0000000881400000] [id=15068]
  0x0000014b18db78d0 WatcherThread [stack: 0x0000000881e00000,0x0000000881f00000] [id=4732]
  0x0000014b18d9c8e0 GCTaskThread "GC Thread#0" [stack: 0x0000000880e00000,0x0000000880f00000] [id=5368]
  0x0000014b18dad4d0 ConcurrentGCThread "G1 Main Marker" [stack: 0x0000000880f00000,0x0000000881000000] [id=22388]
  0x0000014b18db0590 ConcurrentGCThread "G1 Conc#0" [stack: 0x0000000881000000,0x0000000881100000] [id=18112]
  0x0000014b18e1e530 ConcurrentGCThread "G1 Refine#0" [stack: 0x0000000881100000,0x0000000881200000] [id=19500]
  0x0000014b18e1ec00 ConcurrentGCThread "G1 Service" [stack: 0x0000000881200000,0x0000000881300000] [id=1404]

Threads with active compile tasks:

VM state: not at safepoint (normal execution)

VM Mutex/Monitor currently owned by a thread: None

Heap address: 0x000000008a600000, size: 1882 MB, Compressed Oops mode: 32-bit

CDS archive(s) mapped at: [0x0000000800000000-0x0000000800bc0000-0x0000000800bc0000), size 12320768, SharedBaseAddress: 0x0000000800000000, ArchiveRelocationMode: 0.
Compressed class space mapped at: 0x0000000800c00000-0x0000000840c00000, reserved size: 1073741824
Narrow klass base: 0x0000000800000000, Narrow klass shift: 0, Narrow klass range: 0x100000000

GC Precious Log:
 CPUs: 12 total, 12 available
 Memory: 7524M
 Large Page Support: Disabled
 NUMA Support: Disabled
 Compressed Oops: Enabled (32-bit)
 Heap Region Size: 1M
 Heap Min Capacity: 8M
 Heap Initial Capacity: 118M
 Heap Max Capacity: 1882M
 Pre-touch: Disabled
 Parallel Workers: 10
 Concurrent Workers: 3
 Concurrent Refinement Workers: 10
 Periodic GC: Disabled

Heap:
 garbage-first heap   total 120832K, used 15360K [0x000000008a600000, 0x0000000100000000)
  region size 1024K, 17 young (17408K), 0 survivors (0K)
 Metaspace       used 3962K, committed 4160K, reserved 1056768K
  class space    used 225K, committed 320K, reserved 1048576K

Heap Regions: E=young(eden), S=young(survivor), O=old, HS=humongous(starts), HC=humongous(continues), CS=collection set, F=free, OA=open archive, CA=closed archive, TAMS=top-at-mark-start (previous, next)
|   0|0x000000008a600000, 0x000000008a600000, 0x000000008a700000|  0%| F|  |TAMS 0x000000008a600000, 0x000000008a600000| Untracked 
|   1|0x000000008a700000, 0x000000008a700000, 0x000000008a800000|  0%| F|  |TAMS 0x000000008a700000, 0x000000008a700000| Untracked 
|   2|0x000000008a800000, 0x000000008a800000, 0x000000008a900000|  0%| F|  |TAMS 0x000000008a800000, 0x000000008a800000| Untracked 
|   3|0x000000008a900000, 0x000000008a900000, 0x000000008aa00000|  0%| F|  |TAMS 0x000000008a900000, 0x000000008a900000| Untracked 
|   4|0x000000008aa00000, 0x000000008aa00000, 0x000000008ab00000|  0%| F|  |TAMS 0x000000008aa00000, 0x000000008aa00000| Untracked 
|   5|0x000000008ab00000, 0x000000008ab00000, 0x000000008ac00000|  0%| F|  |TAMS 0x000000008ab00000, 0x000000008ab00000| Untracked 
|   6|0x000000008ac00000, 0x000000008ac00000, 0x000000008ad00000|  0%| F|  |TAMS 0x000000008ac00000, 0x000000008ac00000| Untracked 
|   7|0x000000008ad00000, 0x000000008ad00000, 0x000000008ae00000|  0%| F|  |TAMS 0x000000008ad00000, 0x000000008ad00000| Untracked 
|   8|0x000000008ae00000, 0x000000008ae00000, 0x000000008af00000|  0%| F|  |TAMS 0x000000008ae00000, 0x000000008ae00000| Untracked 
|   9|0x000000008af00000, 0x000000008af00000, 0x000000008b000000|  0%| F|  |TAMS 0x000000008af00000, 0x000000008af00000| Untracked 
|  10|0x000000008b000000, 0x000000008b000000, 0x000000008b100000|  0%| F|  |TAMS 0x000000008b000000, 0x000000008b000000| Untracked 
|  11|0x000000008b100000, 0x000000008b100000, 0x000000008b200000|  0%| F|  |TAMS 0x000000008b100000, 0x000000008b100000| Untracked 
|  12|0x000000008b200000, 0x000000008b200000, 0x000000008b300000|  0%| F|  |TAMS 0x000000008b200000, 0x000000008b200000| Untracked 
|  13|0x000000008b300000, 0x000000008b300000, 0x000000008b400000|  0%| F|  |TAMS 0x000000008b300000, 0x000000008b300000| Untracked 
|  14|0x000000008b400000, 0x000000008b400000, 0x000000008b500000|  0%| F|  |TAMS 0x000000008b400000, 0x000000008b400000| Untracked 
|  15|0x000000008b500000, 0x000000008b500000, 0x000000008b600000|  0%| F|  |TAMS 0x000000008b500000, 0x000000008b500000| Untracked 
|  16|0x000000008b600000, 0x000000008b600000, 0x000000008b700000|  0%| F|  |TAMS 0x000000008b600000, 0x000000008b600000| Untracked 
|  17|0x000000008b700000, 0x000000008b700000, 0x000000008b800000|  0%| F|  |TAMS 0x000000008b700000, 0x000000008b700000| Untracked 
|  18|0x000000008b800000, 0x000000008b800000, 0x000000008b900000|  0%| F|  |TAMS 0x000000008b800000, 0x000000008b800000| Untracked 
|  19|0x000000008b900000, 0x000000008b900000, 0x000000008ba00000|  0%| F|  |TAMS 0x000000008b900000, 0x000000008b900000| Untracked 
|  20|0x000000008ba00000, 0x000000008ba00000, 0x000000008bb00000|  0%| F|  |TAMS 0x000000008ba00000, 0x000000008ba00000| Untracked 
|  21|0x000000008bb00000, 0x000000008bb00000, 0x000000008bc00000|  0%| F|  |TAMS 0x000000008bb00000, 0x000000008bb00000| Untracked 
|  22|0x000000008bc00000, 0x000000008bc00000, 0x000000008bd00000|  0%| F|  |TAMS 0x000000008bc00000, 0x000000008bc00000| Untracked 
|  23|0x000000008bd00000, 0x000000008bd00000, 0x000000008be00000|  0%| F|  |TAMS 0x000000008bd00000, 0x000000008bd00000| Untracked 
|  24|0x000000008be00000, 0x000000008be00000, 0x000000008bf00000|  0%| F|  |TAMS 0x000000008be00000, 0x000000008be00000| Untracked 
|  25|0x000000008bf00000, 0x000000008bf00000, 0x000000008c000000|  0%| F|  |TAMS 0x000000008bf00000, 0x000000008bf00000| Untracked 
|  26|0x000000008c000000, 0x000000008c000000, 0x000000008c100000|  0%| F|  |TAMS 0x000000008c000000, 0x000000008c000000| Untracked 
|  27|0x000000008c100000, 0x000000008c100000, 0x000000008c200000|  0%| F|  |TAMS 0x000000008c100000, 0x000000008c100000| Untracked 
|  28|0x000000008c200000, 0x000000008c200000, 0x000000008c300000|  0%| F|  |TAMS 0x000000008c200000, 0x000000008c200000| Untracked 
|  29|0x000000008c300000, 0x000000008c300000, 0x000000008c400000|  0%| F|  |TAMS 0x000000008c300000, 0x000000008c300000| Untracked 
|  30|0x000000008c400000, 0x000000008c400000, 0x000000008c500000|  0%| F|  |TAMS 0x000000008c400000, 0x000000008c400000| Untracked 
|  31|0x000000008c500000, 0x000000008c500000, 0x000000008c600000|  0%| F|  |TAMS 0x000000008c500000, 0x000000008c500000| Untracked 
|  32|0x000000008c600000, 0x000000008c600000, 0x000000008c700000|  0%| F|  |TAMS 0x000000008c600000, 0x000000008c600000| Untracked 
|  33|0x000000008c700000, 0x000000008c700000, 0x000000008c800000|  0%| F|  |TAMS 0x000000008c700000, 0x000000008c700000| Untracked 
|  34|0x000000008c800000, 0x000000008c800000, 0x000000008c900000|  0%| F|  |TAMS 0x000000008c800000, 0x000000008c800000| Untracked 
|  35|0x000000008c900000, 0x000000008c900000, 0x000000008ca00000|  0%| F|  |TAMS 0x000000008c900000, 0x000000008c900000| Untracked 
|  36|0x000000008ca00000, 0x000000008ca00000, 0x000000008cb00000|  0%| F|  |TAMS 0x000000008ca00000, 0x000000008ca00000| Untracked 
|  37|0x000000008cb00000, 0x000000008cb00000, 0x000000008cc00000|  0%| F|  |TAMS 0x000000008cb00000, 0x000000008cb00000| Untracked 
|  38|0x000000008cc00000, 0x000000008cc00000, 0x000000008cd00000|  0%| F|  |TAMS 0x000000008cc00000, 0x000000008cc00000| Untracked 
|  39|0x000000008cd00000, 0x000000008cd00000, 0x000000008ce00000|  0%| F|  |TAMS 0x000000008cd00000, 0x000000008cd00000| Untracked 
|  40|0x000000008ce00000, 0x000000008ce00000, 0x000000008cf00000|  0%| F|  |TAMS 0x000000008ce00000, 0x000000008ce00000| Untracked 
|  41|0x000000008cf00000, 0x000000008cf00000, 0x000000008d000000|  0%| F|  |TAMS 0x000000008cf00000, 0x000000008cf00000| Untracked 
|  42|0x000000008d000000, 0x000000008d000000, 0x000000008d100000|  0%| F|  |TAMS 0x000000008d000000, 0x000000008d000000| Untracked 
|  43|0x000000008d100000, 0x000000008d100000, 0x000000008d200000|  0%| F|  |TAMS 0x000000008d100000, 0x000000008d100000| Untracked 
|  44|0x000000008d200000, 0x000000008d200000, 0x000000008d300000|  0%| F|  |TAMS 0x000000008d200000, 0x000000008d200000| Untracked 
|  45|0x000000008d300000, 0x000000008d300000, 0x000000008d400000|  0%| F|  |TAMS 0x000000008d300000, 0x000000008d300000| Untracked 
|  46|0x000000008d400000, 0x000000008d400000, 0x000000008d500000|  0%| F|  |TAMS 0x000000008d400000, 0x000000008d400000| Untracked 
|  47|0x000000008d500000, 0x000000008d500000, 0x000000008d600000|  0%| F|  |TAMS 0x000000008d500000, 0x000000008d500000| Untracked 
|  48|0x000000008d600000, 0x000000008d600000, 0x000000008d700000|  0%| F|  |TAMS 0x000000008d600000, 0x000000008d600000| Untracked 
|  49|0x000000008d700000, 0x000000008d700000, 0x000000008d800000|  0%| F|  |TAMS 0x000000008d700000, 0x000000008d700000| Untracked 
|  50|0x000000008d800000, 0x000000008d800000, 0x000000008d900000|  0%| F|  |TAMS 0x000000008d800000, 0x000000008d800000| Untracked 
|  51|0x000000008d900000, 0x000000008d900000, 0x000000008da00000|  0%| F|  |TAMS 0x000000008d900000, 0x000000008d900000| Untracked 
|  52|0x000000008da00000, 0x000000008da00000, 0x000000008db00000|  0%| F|  |TAMS 0x000000008da00000, 0x000000008da00000| Untracked 
|  53|0x000000008db00000, 0x000000008db00000, 0x000000008dc00000|  0%| F|  |TAMS 0x000000008db00000, 0x000000008db00000| Untracked 
|  54|0x000000008dc00000, 0x000000008dc00000, 0x000000008dd00000|  0%| F|  |TAMS 0x000000008dc00000, 0x000000008dc00000| Untracked 
|  55|0x000000008dd00000, 0x000000008dd00000, 0x000000008de00000|  0%| F|  |TAMS 0x000000008dd00000, 0x000000008dd00000| Untracked 
|  56|0x000000008de00000, 0x000000008de00000, 0x000000008df00000|  0%| F|  |TAMS 0x000000008de00000, 0x000000008de00000| Untracked 
|  57|0x000000008df00000, 0x000000008df00000, 0x000000008e000000|  0%| F|  |TAMS 0x000000008df00000, 0x000000008df00000| Untracked 
|  58|0x000000008e000000, 0x000000008e000000, 0x000000008e100000|  0%| F|  |TAMS 0x000000008e000000, 0x000000008e000000| Untracked 
|  59|0x000000008e100000, 0x000000008e100000, 0x000000008e200000|  0%| F|  |TAMS 0x000000008e100000, 0x000000008e100000| Untracked 
|  60|0x000000008e200000, 0x000000008e200000, 0x000000008e300000|  0%| F|  |TAMS 0x000000008e200000, 0x000000008e200000| Untracked 
|  61|0x000000008e300000, 0x000000008e300000, 0x000000008e400000|  0%| F|  |TAMS 0x000000008e300000, 0x000000008e300000| Untracked 
|  62|0x000000008e400000, 0x000000008e400000, 0x000000008e500000|  0%| F|  |TAMS 0x000000008e400000, 0x000000008e400000| Untracked 
|  63|0x000000008e500000, 0x000000008e500000, 0x000000008e600000|  0%| F|  |TAMS 0x000000008e500000, 0x000000008e500000| Untracked 
|  64|0x000000008e600000, 0x000000008e600000, 0x000000008e700000|  0%| F|  |TAMS 0x000000008e600000, 0x000000008e600000| Untracked 
|  65|0x000000008e700000, 0x000000008e700000, 0x000000008e800000|  0%| F|  |TAMS 0x000000008e700000, 0x000000008e700000| Untracked 
|  66|0x000000008e800000, 0x000000008e800000, 0x000000008e900000|  0%| F|  |TAMS 0x000000008e800000, 0x000000008e800000| Untracked 
|  67|0x000000008e900000, 0x000000008e900000, 0x000000008ea00000|  0%| F|  |TAMS 0x000000008e900000, 0x000000008e900000| Untracked 
|  68|0x000000008ea00000, 0x000000008ea00000, 0x000000008eb00000|  0%| F|  |TAMS 0x000000008ea00000, 0x000000008ea00000| Untracked 
|  69|0x000000008eb00000, 0x000000008eb00000, 0x000000008ec00000|  0%| F|  |TAMS 0x000000008eb00000, 0x000000008eb00000| Untracked 
|  70|0x000000008ec00000, 0x000000008ec00000, 0x000000008ed00000|  0%| F|  |TAMS 0x000000008ec00000, 0x000000008ec00000| Untracked 
|  71|0x000000008ed00000, 0x000000008ed00000, 0x000000008ee00000|  0%| F|  |TAMS 0x000000008ed00000, 0x000000008ed00000| Untracked 
|  72|0x000000008ee00000, 0x000000008ee00000, 0x000000008ef00000|  0%| F|  |TAMS 0x000000008ee00000, 0x000000008ee00000| Untracked 
|  73|0x000000008ef00000, 0x000000008ef00000, 0x000000008f000000|  0%| F|  |TAMS 0x000000008ef00000, 0x000000008ef00000| Untracked 
|  74|0x000000008f000000, 0x000000008f000000, 0x000000008f100000|  0%| F|  |TAMS 0x000000008f000000, 0x000000008f000000| Untracked 
|  75|0x000000008f100000, 0x000000008f100000, 0x000000008f200000|  0%| F|  |TAMS 0x000000008f100000, 0x000000008f100000| Untracked 
|  76|0x000000008f200000, 0x000000008f200000, 0x000000008f300000|  0%| F|  |TAMS 0x000000008f200000, 0x000000008f200000| Untracked 
|  77|0x000000008f300000, 0x000000008f300000, 0x000000008f400000|  0%| F|  |TAMS 0x000000008f300000, 0x000000008f300000| Untracked 
|  78|0x000000008f400000, 0x000000008f400000, 0x000000008f500000|  0%| F|  |TAMS 0x000000008f400000, 0x000000008f400000| Untracked 
|  79|0x000000008f500000, 0x000000008f500000, 0x000000008f600000|  0%| F|  |TAMS 0x000000008f500000, 0x000000008f500000| Untracked 
|  80|0x000000008f600000, 0x000000008f600000, 0x000000008f700000|  0%| F|  |TAMS 0x000000008f600000, 0x000000008f600000| Untracked 
|  81|0x000000008f700000, 0x000000008f700000, 0x000000008f800000|  0%| F|  |TAMS 0x000000008f700000, 0x000000008f700000| Untracked 
|  82|0x000000008f800000, 0x000000008f800000, 0x000000008f900000|  0%| F|  |TAMS 0x000000008f800000, 0x000000008f800000| Untracked 
|  83|0x000000008f900000, 0x000000008f900000, 0x000000008fa00000|  0%| F|  |TAMS 0x000000008f900000, 0x000000008f900000| Untracked 
|  84|0x000000008fa00000, 0x000000008fa00000, 0x000000008fb00000|  0%| F|  |TAMS 0x000000008fa00000, 0x000000008fa00000| Untracked 
|  85|0x000000008fb00000, 0x000000008fb00000, 0x000000008fc00000|  0%| F|  |TAMS 0x000000008fb00000, 0x000000008fb00000| Untracked 
|  86|0x000000008fc00000, 0x000000008fc00000, 0x000000008fd00000|  0%| F|  |TAMS 0x000000008fc00000, 0x000000008fc00000| Untracked 
|  87|0x000000008fd00000, 0x000000008fd00000, 0x000000008fe00000|  0%| F|  |TAMS 0x000000008fd00000, 0x000000008fd00000| Untracked 
|  88|0x000000008fe00000, 0x000000008fe00000, 0x000000008ff00000|  0%| F|  |TAMS 0x000000008fe00000, 0x000000008fe00000| Untracked 
|  89|0x000000008ff00000, 0x000000008ff00000, 0x0000000090000000|  0%| F|  |TAMS 0x000000008ff00000, 0x000000008ff00000| Untracked 
|  90|0x0000000090000000, 0x0000000090000000, 0x0000000090100000|  0%| F|  |TAMS 0x0000000090000000, 0x0000000090000000| Untracked 
|  91|0x0000000090100000, 0x0000000090100000, 0x0000000090200000|  0%| F|  |TAMS 0x0000000090100000, 0x0000000090100000| Untracked 
|  92|0x0000000090200000, 0x0000000090200000, 0x0000000090300000|  0%| F|  |TAMS 0x0000000090200000, 0x0000000090200000| Untracked 
|  93|0x0000000090300000, 0x0000000090300000, 0x0000000090400000|  0%| F|  |TAMS 0x0000000090300000, 0x0000000090300000| Untracked 
|  94|0x0000000090400000, 0x0000000090400000, 0x0000000090500000|  0%| F|  |TAMS 0x0000000090400000, 0x0000000090400000| Untracked 
|  95|0x0000000090500000, 0x0000000090500000, 0x0000000090600000|  0%| F|  |TAMS 0x0000000090500000, 0x0000000090500000| Untracked 
|  96|0x0000000090600000, 0x0000000090600000, 0x0000000090700000|  0%| F|  |TAMS 0x0000000090600000, 0x0000000090600000| Untracked 
|  97|0x0000000090700000, 0x0000000090700000, 0x0000000090800000|  0%| F|  |TAMS 0x0000000090700000, 0x0000000090700000| Untracked 
|  98|0x0000000090800000, 0x0000000090800000, 0x0000000090900000|  0%| F|  |TAMS 0x0000000090800000, 0x0000000090800000| Untracked 
|  99|0x0000000090900000, 0x0000000090900000, 0x0000000090a00000|  0%| F|  |TAMS 0x0000000090900000, 0x0000000090900000| Untracked 
| 100|0x0000000090a00000, 0x0000000090a00000, 0x0000000090b00000|  0%| F|  |TAMS 0x0000000090a00000, 0x0000000090a00000| Untracked 
| 101|0x0000000090b00000, 0x0000000090c00000, 0x0000000090c00000|100%| E|  |TAMS 0x0000000090b00000, 0x0000000090b00000| Complete 
| 102|0x0000000090c00000, 0x0000000090d00000, 0x0000000090d00000|100%| E|CS|TAMS 0x0000000090c00000, 0x0000000090c00000| Complete 
| 103|0x0000000090d00000, 0x0000000090e00000, 0x0000000090e00000|100%| E|CS|TAMS 0x0000000090d00000, 0x0000000090d00000| Complete 
| 104|0x0000000090e00000, 0x0000000090f00000, 0x0000000090f00000|100%| E|CS|TAMS 0x0000000090e00000, 0x0000000090e00000| Complete 
| 105|0x0000000090f00000, 0x0000000091000000, 0x0000000091000000|100%| E|  |TAMS 0x0000000090f00000, 0x0000000090f00000| Complete 
| 106|0x0000000091000000, 0x0000000091100000, 0x0000000091100000|100%| E|CS|TAMS 0x0000000091000000, 0x0000000091000000| Complete 
| 107|0x0000000091100000, 0x0000000091200000, 0x0000000091200000|100%| E|CS|TAMS 0x0000000091100000, 0x0000000091100000| Complete 
| 108|0x0000000091200000, 0x0000000091300000, 0x0000000091300000|100%| E|CS|TAMS 0x0000000091200000, 0x0000000091200000| Complete 
| 109|0x0000000091300000, 0x0000000091400000, 0x0000000091400000|100%| E|CS|TAMS 0x0000000091300000, 0x0000000091300000| Complete 
| 110|0x0000000091400000, 0x0000000091500000, 0x0000000091500000|100%| E|CS|TAMS 0x0000000091400000, 0x0000000091400000| Complete 
| 111|0x0000000091500000, 0x0000000091600000, 0x0000000091600000|100%| E|CS|TAMS 0x0000000091500000, 0x0000000091500000| Complete 
| 112|0x0000000091600000, 0x0000000091700000, 0x0000000091700000|100%| E|CS|TAMS 0x0000000091600000, 0x0000000091600000| Complete 
| 113|0x0000000091700000, 0x0000000091800000, 0x0000000091800000|100%| E|CS|TAMS 0x0000000091700000, 0x0000000091700000| Complete 
| 114|0x0000000091800000, 0x0000000091900000, 0x0000000091900000|100%| E|CS|TAMS 0x0000000091800000, 0x0000000091800000| Complete 
| 115|0x0000000091900000, 0x0000000091a00000, 0x0000000091a00000|100%| E|CS|TAMS 0x0000000091900000, 0x0000000091900000| Complete 
| 116|0x0000000091a00000, 0x0000000091b00000, 0x0000000091b00000|100%| E|CS|TAMS 0x0000000091a00000, 0x0000000091a00000| Complete 
| 117|0x0000000091b00000, 0x0000000091c00000, 0x0000000091c00000|100%| E|CS|TAMS 0x0000000091b00000, 0x0000000091b00000| Complete 

Card table byte_map: [0x0000014b2fe60000,0x0000014b30210000] _byte_map_base: 0x0000014b2fa0d000

Marking Bits (Prev, Next): (CMBitMap*) 0x0000014b18d9df00, (CMBitMap*) 0x0000014b18d9df40
 Prev Bits: [0x0000014b305c0000, 0x0000014b32328000)
 Next Bits: [0x0000014b32330000, 0x0000014b34098000)

Polling page: 0x0000014b16cf0000

Metaspace:

Usage:
  Non-class:      3.65 MB used.
      Class:    225.91 KB used.
       Both:      3.87 MB used.

Virtual space:
  Non-class space:        8.00 MB reserved,       3.75 MB ( 47%) committed,  1 nodes.
      Class space:        1.00 GB reserved,     320.00 KB ( <1%) committed,  1 nodes.
             Both:        1.01 GB reserved,       4.06 MB ( <1%) committed. 

Chunk freelists:
   Non-Class:  1.64 MB
       Class:  3.59 MB
        Both:  5.23 MB

MaxMetaspaceSize: unlimited
CompressedClassSpaceSize: 1.00 GB
Initial GC threshold: 21.00 MB
Current GC threshold: 21.00 MB
CDS: on
MetaspaceReclaimPolicy: balanced
 - commit_granule_bytes: 65536.
 - commit_granule_words: 8192.
 - virtual_space_node_default_size: 1048576.
 - enlarge_chunks_in_place: 1.
 - new_chunks_are_fully_committed: 0.
 - uncommit_free_chunks: 1.
 - use_allocation_guard: 0.
 - handle_deallocations: 1.


Internal statistics:

num_allocs_failed_limit: 0.
num_arena_births: 82.
num_arena_deaths: 0.
num_vsnodes_births: 2.
num_vsnodes_deaths: 0.
num_space_committed: 63.
num_space_uncommitted: 0.
num_chunks_returned_to_freelist: 0.
num_chunks_taken_from_freelist: 196.
num_chunk_merges: 0.
num_chunk_splits: 124.
num_chunks_enlarged: 87.
num_purges: 0.
num_inconsistent_stats: 0.

CodeHeap 'non-profiled nmethods': size=120000Kb used=344Kb max_used=344Kb free=119655Kb
 bounds [0x0000014b28020000, 0x0000014b28290000, 0x0000014b2f550000]
CodeHeap 'profiled nmethods': size=120000Kb used=1431Kb max_used=1431Kb free=118569Kb
 bounds [0x0000014b20af0000, 0x0000014b20d60000, 0x0000014b28020000]
CodeHeap 'non-nmethods': size=5760Kb used=1584Kb max_used=1603Kb free=4176Kb
 bounds [0x0000014b20550000, 0x0000014b207c0000, 0x0000014b20af0000]
 total_blobs=1876 nmethods=866 adapters=923
 compilation: enabled
              stopped_count=0, restarted_count=0
 full_count=0

Compilation events (20 events):
Event: 1.724 Thread 0x0000014b36cdb490  857   !   4       java.nio.CharBuffer::wrap (21 bytes)
Event: 1.727 Thread 0x0000014b36cdb490 nmethod 857 0x0000014b2806b090 code [0x0000014b2806b220, 0x0000014b2806b498]
Event: 1.729 Thread 0x0000014b36cdb490  858   !   4       java.io.PrintStream::write (69 bytes)
Event: 1.734 Thread 0x0000014b36cdb490 nmethod 858 0x0000014b2806b790 code [0x0000014b2806b940, 0x0000014b2806c208]
Event: 1.734 Thread 0x0000014b36cdb490  859       4       java.nio.ByteBuffer::clear (7 bytes)
Event: 1.734 Thread 0x0000014b36cdb490 nmethod 859 0x0000014b2806c710 code [0x0000014b2806c880, 0x0000014b2806c918]
Event: 1.751 Thread 0x0000014b36cdb490  860       4       java.lang.StringBuilder::append (8 bytes)
Event: 1.759 Thread 0x0000014b36cdb490 nmethod 860 0x0000014b2806ca10 code [0x0000014b2806cbc0, 0x0000014b2806d4e8]
Event: 1.788 Thread 0x0000014b36cdb490  861       4       java.lang.StringBuilder::<init> (6 bytes)
Event: 1.797 Thread 0x0000014b36cdb490 nmethod 861 0x0000014b2806d910 code [0x0000014b2806dac0, 0x0000014b2806e3e8]
Event: 1.797 Thread 0x0000014b36cdb490  862       4       java.lang.AbstractStringBuilder::<init> (63 bytes)
Event: 1.806 Thread 0x0000014b36cdb490 nmethod 862 0x0000014b2806e910 code [0x0000014b2806eac0, 0x0000014b2806f3a8]
Event: 1.806 Thread 0x0000014b36cdb490  865       4       sun.nio.cs.StreamEncoder::writeBytes (139 bytes)
Event: 1.815 Thread 0x0000014b36cdb490 nmethod 865 0x0000014b2806f890 code [0x0000014b2806fa60, 0x0000014b280705c8]
Event: 1.815 Thread 0x0000014b36cdb490  863   !   4       java.io.PrintStream::println (44 bytes)
Event: 1.832 Thread 0x0000014b36cdb490 nmethod 863 0x0000014b28070d10 code [0x0000014b28070f20, 0x0000014b28072568]
Event: 1.832 Thread 0x0000014b36cdb490  864   !   4       java.io.PrintStream::writeln (81 bytes)
Event: 1.848 Thread 0x0000014b36cdb490 nmethod 864 0x0000014b28073390 code [0x0000014b280735a0, 0x0000014b28074c08]
Event: 1.856 Thread 0x0000014b36cdb490  866       4       java.lang.StringUTF16::compress (59 bytes)
Event: 1.861 Thread 0x0000014b36cdb490 nmethod 866 0x0000014b28075a10 code [0x0000014b28075ba0, 0x0000014b28075ef8]

GC Heap History (0 events):
No events

Deoptimization events (20 events):
Event: 0.282 Thread 0x0000014b18d56be0 Uncommon trap: trap_request=0xffffffde fr.pc=0x0000014b2804dfa4 relative=0x00000000000003e4
Event: 0.282 Thread 0x0000014b18d56be0 Uncommon trap: reason=class_check action=maybe_recompile pc=0x0000014b2804dfa4 method=java.util.HashMap.getNode(Ljava/lang/Object;)Ljava/util/HashMap$Node; @ 128 c2
Event: 0.282 Thread 0x0000014b18d56be0 DEOPT PACKING pc=0x0000014b2804dfa4 sp=0x0000000880dfbbd0
Event: 0.282 Thread 0x0000014b18d56be0 DEOPT UNPACKING pc=0x0000014b205a23a3 sp=0x0000000880dfbb48 mode 2
Event: 1.128 Thread 0x0000014b18d56be0 Uncommon trap: trap_request=0xffffff54 fr.pc=0x0000014b28058060 relative=0x0000000000000060
Event: 1.128 Thread 0x0000014b18d56be0 Uncommon trap: reason=speculate_null_assert action=make_not_entrant pc=0x0000014b28058060 method=sun.misc.Unsafe.putLong(Ljava/lang/Object;JJ)V @ 7 c2
Event: 1.128 Thread 0x0000014b18d56be0 DEOPT PACKING pc=0x0000014b28058060 sp=0x0000000880dfef70
Event: 1.128 Thread 0x0000014b18d56be0 DEOPT UNPACKING pc=0x0000014b205a23a3 sp=0x0000000880dfeee8 mode 2
Event: 1.310 Thread 0x0000014b18d56be0 Uncommon trap: trap_request=0xffffff45 fr.pc=0x0000014b28029b1c relative=0x00000000000003fc
Event: 1.310 Thread 0x0000014b18d56be0 Uncommon trap: reason=unstable_if action=reinterpret pc=0x0000014b28029b1c method=java.lang.StringLatin1.canEncode(I)Z @ 4 c2
Event: 1.310 Thread 0x0000014b18d56be0 DEOPT PACKING pc=0x0000014b28029b1c sp=0x0000000880dff090
Event: 1.310 Thread 0x0000014b18d56be0 DEOPT UNPACKING pc=0x0000014b205a23a3 sp=0x0000000880dfefb8 mode 2
Event: 1.310 Thread 0x0000014b18d56be0 Uncommon trap: trap_request=0xffffff45 fr.pc=0x0000014b2802ab18 relative=0x00000000000003f8
Event: 1.310 Thread 0x0000014b18d56be0 Uncommon trap: reason=unstable_if action=reinterpret pc=0x0000014b2802ab18 method=java.lang.StringLatin1.canEncode(I)Z @ 4 c2
Event: 1.310 Thread 0x0000014b18d56be0 DEOPT PACKING pc=0x0000014b2802ab18 sp=0x0000000880dff030
Event: 1.310 Thread 0x0000014b18d56be0 DEOPT UNPACKING pc=0x0000014b205a23a3 sp=0x0000000880dfefb0 mode 2
Event: 1.311 Thread 0x0000014b18d56be0 Uncommon trap: trap_request=0xffffff45 fr.pc=0x0000014b280253b8 relative=0x0000000000000038
Event: 1.311 Thread 0x0000014b18d56be0 Uncommon trap: reason=unstable_if action=reinterpret pc=0x0000014b280253b8 method=java.lang.StringLatin1.canEncode(I)Z @ 4 c2
Event: 1.311 Thread 0x0000014b18d56be0 DEOPT PACKING pc=0x0000014b280253b8 sp=0x0000000880dff020
Event: 1.311 Thread 0x0000014b18d56be0 DEOPT UNPACKING pc=0x0000014b205a23a3 sp=0x0000000880dfefb0 mode 2

Classes unloaded (0 events):
No events

Classes redefined (0 events):
No events

Internal exceptions (20 events):
Event: 0.257 Thread 0x0000014b18d56be0 Exception <a 'java/lang/NoSuchMethodError'{0x0000000091238340}: 'int java.lang.invoke.DirectMethodHandle$Holder.invokeStaticInit(java.lang.Object, java.lang.Object, int, long)'> (0x0000000091238340) 
thrown [t:\workspace\open\src\hotspot\share\interpreter\linkResolver.cpp, line 766]
Event: 0.258 Thread 0x0000014b18d56be0 Exception <a 'java/lang/NoSuchMethodError'{0x000000009123dc08}: 'java.lang.Object java.lang.invoke.DirectMethodHandle$Holder.newInvokeSpecial(java.lang.Object, java.lang.Object, int)'> (0x000000009123dc08) 
thrown [t:\workspace\open\src\hotspot\share\interpreter\linkResolver.cpp, line 766]
Event: 0.260 Thread 0x0000014b18d56be0 Exception <a 'java/lang/NoSuchMethodError'{0x0000000091254a18}: 'int java.lang.invoke.DirectMethodHandle$Holder.invokeStaticInit(java.lang.Object, java.lang.Object, long, long)'> (0x0000000091254a18) 
thrown [t:\workspace\open\src\hotspot\share\interpreter\linkResolver.cpp, line 766]
Event: 0.261 Thread 0x0000014b18d56be0 Exception <a 'java/lang/NoSuchMethodError'{0x000000009125ab28}: 'java.lang.Object java.lang.invoke.DirectMethodHandle$Holder.newInvokeSpecial(java.lang.Object, java.lang.Object, long)'> (0x000000009125ab28) 
thrown [t:\workspace\open\src\hotspot\share\interpreter\linkResolver.cpp, line 766]
Event: 0.261 Thread 0x0000014b18d56be0 Exception <a 'java/lang/NoSuchMethodError'{0x000000009125eb70}: 'java.lang.Object java.lang.invoke.Invokers$Holder.linkToTargetMethod(java.lang.Object, long, java.lang.Object)'> (0x000000009125eb70) 
thrown [t:\workspace\open\src\hotspot\share\interpreter\linkResolver.cpp, line 766]
Event: 0.262 Thread 0x0000014b18d56be0 Exception <a 'java/lang/NoSuchMethodError'{0x0000000091266288}: 'int java.lang.invoke.DirectMethodHandle$Holder.invokeStaticInit(java.lang.Object, java.lang.Object, java.lang.Object, long)'> (0x0000000091266288) 
thrown [t:\workspace\open\src\hotspot\share\interpreter\linkResolver.cpp, line 766]
Event: 0.286 Thread 0x0000014b18d56be0 Exception <a 'sun/nio/fs/WindowsException'{0x000000009115ccd8}> (0x000000009115ccd8) 
thrown [t:\workspace\open\src\hotspot\share\prims\jni.cpp, line 516]
Event: 0.286 Thread 0x0000014b18d56be0 Exception <a 'sun/nio/fs/WindowsException'{0x000000009115d080}> (0x000000009115d080) 
thrown [t:\workspace\open\src\hotspot\share\prims\jni.cpp, line 516]
Event: 0.311 Thread 0x0000014b18d56be0 Exception <a 'sun/nio/fs/WindowsException'{0x000000009102c958}> (0x000000009102c958) 
thrown [t:\workspace\open\src\hotspot\share\prims\jni.cpp, line 516]
Event: 0.311 Thread 0x0000014b18d56be0 Exception <a 'sun/nio/fs/WindowsException'{0x000000009102ccd0}> (0x000000009102ccd0) 
thrown [t:\workspace\open\src\hotspot\share\prims\jni.cpp, line 516]
Event: 1.084 Thread 0x0000014b18d56be0 Exception <a 'java/lang/NoSuchMethodError'{0x0000000091060a00}: 'void java.lang.invoke.DirectMethodHandle$Holder.invokeStaticInit(java.lang.Object, long, double, double)'> (0x0000000091060a00) 
thrown [t:\workspace\open\src\hotspot\share\interpreter\linkResolver.cpp, line 766]
Event: 1.086 Thread 0x0000014b18d56be0 Exception <a 'java/lang/NoSuchMethodError'{0x0000000091071018}: 'void java.lang.invoke.DirectMethodHandle$Holder.invokeStaticInit(java.lang.Object, long, int, int, int)'> (0x0000000091071018) 
thrown [t:\workspace\open\src\hotspot\share\interpreter\linkResolver.cpp, line 766]
Event: 1.089 Thread 0x0000014b18d56be0 Exception <a 'java/lang/NoSuchMethodError'{0x000000009108c248}: 'void java.lang.invoke.DirectMethodHandle$Holder.invokeStaticInit(java.lang.Object, long, int, int, int, int)'> (0x000000009108c248) 
thrown [t:\workspace\open\src\hotspot\share\interpreter\linkResolver.cpp, line 766]
Event: 1.090 Thread 0x0000014b18d56be0 Exception <a 'java/lang/NoSuchMethodError'{0x0000000091099208}: 'void java.lang.invoke.DirectMethodHandle$Holder.invokeSpecial(java.lang.Object, java.lang.Object, long)'> (0x0000000091099208) 
thrown [t:\workspace\open\src\hotspot\share\interpreter\linkResolver.cpp, line 766]
Event: 1.122 Thread 0x0000014b18d56be0 Exception <a 'sun/nio/fs/WindowsException'{0x00000000910e6ef8}> (0x00000000910e6ef8) 
thrown [t:\workspace\open\src\hotspot\share\prims\jni.cpp, line 516]
Event: 1.122 Thread 0x0000014b18d56be0 Exception <a 'sun/nio/fs/WindowsException'{0x00000000910e72a8}> (0x00000000910e72a8) 
thrown [t:\workspace\open\src\hotspot\share\prims\jni.cpp, line 516]
Event: 1.125 Thread 0x0000014b18d56be0 Exception <a 'sun/nio/fs/WindowsException'{0x00000000910f88f8}> (0x00000000910f88f8) 
thrown [t:\workspace\open\src\hotspot\share\prims\jni.cpp, line 516]
Event: 1.125 Thread 0x0000014b18d56be0 Exception <a 'sun/nio/fs/WindowsException'{0x00000000910f8be8}> (0x00000000910f8be8) 
thrown [t:\workspace\open\src\hotspot\share\prims\jni.cpp, line 516]
Event: 1.251 Thread 0x0000014b18d56be0 Exception <a 'sun/nio/fs/WindowsException'{0x0000000090de6bc0}> (0x0000000090de6bc0) 
thrown [t:\workspace\open\src\hotspot\share\prims\jni.cpp, line 516]
Event: 1.251 Thread 0x0000014b18d56be0 Exception <a 'sun/nio/fs/WindowsException'{0x0000000090de6f50}> (0x0000000090de6f50) 
thrown [t:\workspace\open\src\hotspot\share\prims\jni.cpp, line 516]

VM Operations (6 events):
Event: 0.099 Executing VM operation: HandshakeAllThreads
Event: 0.099 Executing VM operation: HandshakeAllThreads done
Event: 0.235 Executing VM operation: HandshakeAllThreads
Event: 0.235 Executing VM operation: HandshakeAllThreads done
Event: 1.238 Executing VM operation: Cleanup
Event: 1.238 Executing VM operation: Cleanup done

Events (20 events):
Event: 1.134 loading class sun/util/resources/LocaleData$CommonResourceBundleProvider
Event: 1.134 loading class sun/util/resources/LocaleData$LocaleDataResourceBundleProvider
Event: 1.134 loading class java/util/spi/ResourceBundleProvider
Event: 1.134 loading class java/util/spi/ResourceBundleProvider done
Event: 1.134 loading class sun/util/resources/LocaleData$LocaleDataResourceBundleProvider done
Event: 1.134 loading class sun/util/resources/LocaleData$CommonResourceBundleProvider done
Event: 1.135 loading class sun/util/resources/Bundles$2
Event: 1.135 loading class sun/util/resources/Bundles$2 done
Event: 1.205 loading class java/io/Externalizable
Event: 1.205 loading class java/io/Externalizable done
Event: 1.206 Loaded shared library C:\Program Files\Java\jdk-17.0.1\bin\verify.dll
Event: 1.243 loading class java/nio/channels/spi/AbstractInterruptibleChannel$1
Event: 1.243 loading class sun/nio/ch/Interruptible
Event: 1.243 loading class sun/nio/ch/Interruptible done
Event: 1.243 loading class java/nio/channels/spi/AbstractInterruptibleChannel$1 done
Event: 1.253 Loaded shared library C:\Users\Victus\AppData\Local\Temp\lwjglVictus\3.3.1-build-7\lwjgl_stb.dll
Event: 1.373 loading class sun/nio/cs/Surrogate$Parser
Event: 1.373 loading class sun/nio/cs/Surrogate$Parser done
Event: 1.373 loading class sun/nio/cs/Surrogate
Event: 1.373 loading class sun/nio/cs/Surrogate done


Dynamic libraries:
0x00007ff7b9770000 - 0x00007ff7b9780000 	C:\Program Files\Java\jdk-17.0.1\bin\java.exe
0x00007ff9bd0d0000 - 0x00007ff9bd2e4000 	C:\WINDOWS\SYSTEM32\ntdll.dll
0x00007ff9bc300000 - 0x00007ff9bc3c3000 	C:\WINDOWS\System32\KERNEL32.DLL
0x00007ff9bab40000 - 0x00007ff9baedc000 	C:\WINDOWS\System32\KERNELBASE.dll
0x00007ff9ba900000 - 0x00007ff9baa11000 	C:\WINDOWS\System32\ucrtbase.dll
0x00007ff983c00000 - 0x00007ff983c18000 	C:\Program Files\Java\jdk-17.0.1\bin\jli.dll
0x00007ff99db60000 - 0x00007ff99db7a000 	C:\Program Files\Java\jdk-17.0.1\bin\VCRUNTIME140.dll
0x00007ff9bcaa0000 - 0x00007ff9bcb4e000 	C:\WINDOWS\System32\ADVAPI32.dll
0x00007ff9bb760000 - 0x00007ff9bb807000 	C:\WINDOWS\System32\msvcrt.dll
0x00007ff9baf10000 - 0x00007ff9bafb4000 	C:\WINDOWS\System32\sechost.dll
0x00007ff9bcb60000 - 0x00007ff9bcc75000 	C:\WINDOWS\System32\RPCRT4.dll
0x00007ff9bb100000 - 0x00007ff9bb2ad000 	C:\WINDOWS\System32\USER32.dll
0x00007ff99ef40000 - 0x00007ff99f1ce000 	C:\WINDOWS\WinSxS\amd64_microsoft.windows.common-controls_6595b64144ccf1df_6.0.22621.608_none_a9444ca7c10bb01d\COMCTL32.dll
0x00007ff9ba6f0000 - 0x00007ff9ba716000 	C:\WINDOWS\System32\win32u.dll
0x00007ff9bb0d0000 - 0x00007ff9bb0f9000 	C:\WINDOWS\System32\GDI32.dll
0x00007ff9baa20000 - 0x00007ff9bab32000 	C:\WINDOWS\System32\gdi32full.dll
0x00007ff9b11e0000 - 0x00007ff9b11ea000 	C:\WINDOWS\SYSTEM32\VERSION.dll
0x00007ff9ba650000 - 0x00007ff9ba6ea000 	C:\WINDOWS\System32\msvcp_win.dll
0x00007ff9bcc80000 - 0x00007ff9bccb2000 	C:\WINDOWS\System32\IMM32.DLL
0x00007ff9a3ba0000 - 0x00007ff9a3bac000 	C:\Program Files\Java\jdk-17.0.1\bin\vcruntime140_1.dll
0x00007ff960c20000 - 0x00007ff960cad000 	C:\Program Files\Java\jdk-17.0.1\bin\msvcp140.dll
0x00007ff959c00000 - 0x00007ff95a7be000 	C:\Program Files\Java\jdk-17.0.1\bin\server\jvm.dll
0x00007ff9baf00000 - 0x00007ff9baf08000 	C:\WINDOWS\System32\PSAPI.DLL
0x00007ff999d20000 - 0x00007ff999d29000 	C:\WINDOWS\SYSTEM32\WSOCK32.dll
0x00007ff9b2e00000 - 0x00007ff9b2e34000 	C:\WINDOWS\SYSTEM32\WINMM.dll
0x00007ff9bc120000 - 0x00007ff9bc191000 	C:\WINDOWS\System32\WS2_32.dll
0x00007ff9b94d0000 - 0x00007ff9b94e8000 	C:\WINDOWS\SYSTEM32\kernel.appcore.dll
0x00007ff99f4d0000 - 0x00007ff99f4da000 	C:\Program Files\Java\jdk-17.0.1\bin\jimage.dll
0x00007ff9a7440000 - 0x00007ff9a766e000 	C:\WINDOWS\SYSTEM32\DBGHELP.DLL
0x00007ff9bb2b0000 - 0x00007ff9bb63a000 	C:\WINDOWS\System32\combase.dll
0x00007ff9bcd90000 - 0x00007ff9bce67000 	C:\WINDOWS\System32\OLEAUT32.dll
0x00007ff9a5f30000 - 0x00007ff9a5f62000 	C:\WINDOWS\SYSTEM32\dbgcore.DLL
0x00007ff9ba5d0000 - 0x00007ff9ba64b000 	C:\WINDOWS\System32\bcryptPrimitives.dll
0x00007ff980e80000 - 0x00007ff980ea5000 	C:\Program Files\Java\jdk-17.0.1\bin\java.dll
0x00007ff95f300000 - 0x00007ff95f3d6000 	C:\Program Files\Java\jdk-17.0.1\bin\svml.dll
0x00007ff9bb930000 - 0x00007ff9bc11f000 	C:\WINDOWS\System32\SHELL32.dll
0x00007ff9b8530000 - 0x00007ff9b8df8000 	C:\WINDOWS\SYSTEM32\windows.storage.dll
0x00007ff9b83f0000 - 0x00007ff9b852e000 	C:\WINDOWS\SYSTEM32\wintypes.dll
0x00007ff9bc1a0000 - 0x00007ff9bc291000 	C:\WINDOWS\System32\SHCORE.dll
0x00007ff9bc2a0000 - 0x00007ff9bc2fe000 	C:\WINDOWS\System32\shlwapi.dll
0x00007ff9ba440000 - 0x00007ff9ba461000 	C:\WINDOWS\SYSTEM32\profapi.dll
0x00007ff980e60000 - 0x00007ff980e79000 	C:\Program Files\Java\jdk-17.0.1\bin\net.dll
0x00007ff9b36a0000 - 0x00007ff9b37cf000 	C:\WINDOWS\SYSTEM32\WINHTTP.dll
0x00007ff9b99d0000 - 0x00007ff9b9a39000 	C:\WINDOWS\system32\mswsock.dll
0x00007ff980e40000 - 0x00007ff980e55000 	C:\Program Files\Java\jdk-17.0.1\bin\nio.dll
0x00007ff980e20000 - 0x00007ff980e38000 	C:\Program Files\Java\jdk-17.0.1\bin\zip.dll
0x00007ff987bd0000 - 0x00007ff987c45000 	C:\Users\Victus\AppData\Local\Temp\lwjglVictus\3.3.1-build-7\lwjgl.dll
0x00007ff93ff00000 - 0x00007ff940159000 	C:\Users\Victus\AppData\Local\Temp\lwjglVictus\3.3.1-build-7\jemalloc.dll
0x00007ff95f290000 - 0x00007ff95f2f1000 	C:\Users\Victus\AppData\Local\Temp\lwjglVictus\3.3.1-build-7\glfw.dll
0x00007ff971660000 - 0x00007ff9716a6000 	C:\WINDOWS\SYSTEM32\dinput8.dll
0x00007ff97ea30000 - 0x00007ff97ea41000 	C:\WINDOWS\SYSTEM32\xinput1_4.dll
0x00007ff9ba110000 - 0x00007ff9ba15e000 	C:\WINDOWS\SYSTEM32\cfgmgr32.dll
0x00007ff9ba0b0000 - 0x00007ff9ba0e3000 	C:\WINDOWS\SYSTEM32\DEVOBJ.dll
0x00007ff9b7d90000 - 0x00007ff9b7dbb000 	C:\WINDOWS\SYSTEM32\dwmapi.dll
0x00007ff9a26f0000 - 0x00007ff9a28f1000 	C:\WINDOWS\SYSTEM32\inputhost.dll
0x00007ff9b7570000 - 0x00007ff9b76a3000 	C:\WINDOWS\SYSTEM32\CoreMessaging.dll
0x00007ff9b7b10000 - 0x00007ff9b7bbb000 	C:\WINDOWS\system32\uxtheme.dll
0x00007ff9b9c20000 - 0x00007ff9b9c2c000 	C:\WINDOWS\SYSTEM32\CRYPTBASE.DLL
0x00007ff9bb810000 - 0x00007ff9bb92e000 	C:\WINDOWS\System32\MSCTF.dll
0x00007ff970090000 - 0x00007ff970190000 	C:\WINDOWS\SYSTEM32\opengl32.dll
0x00007ff971e80000 - 0x00007ff971ead000 	C:\WINDOWS\SYSTEM32\GLU32.dll
0x00007ff9b7c40000 - 0x00007ff9b7c76000 	C:\WINDOWS\SYSTEM32\dxcore.dll
0x00007ff9b4570000 - 0x00007ff9b45b9000 	C:\WINDOWS\SYSTEM32\directxdatabasehelper.dll
0x00007ff9bafc0000 - 0x00007ff9bb070000 	C:\WINDOWS\System32\clbcatq.dll
0x00007ff96fd10000 - 0x00007ff96fd3d000 	C:\WINDOWS\System32\DriverStore\FileRepository\u0382767.inf_amd64_2ba2e1bcba1eb9ff\B378972\atig6pxx.dll
0x00007ff9616c0000 - 0x00007ff96453f000 	C:\WINDOWS\System32\DriverStore\FileRepository\u0382767.inf_amd64_2ba2e1bcba1eb9ff\B378972\atio6axx.dll
0x00007ff9bc620000 - 0x00007ff9bca9a000 	C:\WINDOWS\System32\SETUPAPI.dll
0x00007ff981a80000 - 0x00007ff981aa5000 	C:\WINDOWS\SYSTEM32\dxva2.dll
0x00007ff9bcef0000 - 0x00007ff9bd08c000 	C:\WINDOWS\System32\ole32.dll
0x00007ff96f9f0000 - 0x00007ff96fa2f000 	C:\WINDOWS\System32\DriverStore\FileRepository\u0382767.inf_amd64_2ba2e1bcba1eb9ff\B378972\atig6txx.dll
0x00007ff981bb0000 - 0x00007ff981d9c000 	C:\WINDOWS\SYSTEM32\atiadlxx.dll
0x00007ff9b5710000 - 0x00007ff9b5810000 	C:\WINDOWS\SYSTEM32\PROPSYS.dll
0x00007ff9ba890000 - 0x00007ff9ba8fb000 	C:\WINDOWS\System32\WINTRUST.dll
0x00007ff9ba720000 - 0x00007ff9ba886000 	C:\WINDOWS\System32\CRYPT32.dll
0x00007ff9ba0f0000 - 0x00007ff9ba102000 	C:\WINDOWS\SYSTEM32\MSASN1.dll
0x00007ff981a30000 - 0x00007ff981a80000 	C:\WINDOWS\SYSTEM32\pdh.dll
0x00007ff9a0230000 - 0x00007ff9a035d000 	C:\WINDOWS\SYSTEM32\textinputframework.dll
0x00007ff9b1f50000 - 0x00007ff9b22bc000 	C:\WINDOWS\SYSTEM32\CoreUIComponents.dll
0x00007ff9a34e0000 - 0x00007ff9a353d000 	C:\Users\Victus\AppData\Local\Temp\lwjglVictus\3.3.1-build-7\lwjgl_opengl.dll
0x00007ff99ea40000 - 0x00007ff99ea50000 	C:\Program Files\Java\jdk-17.0.1\bin\verify.dll
0x00007ff958dd0000 - 0x00007ff958e51000 	C:\Users\Victus\AppData\Local\Temp\lwjglVictus\3.3.1-build-7\lwjgl_stb.dll

dbghelp: loaded successfully - version: 4.0.5 - missing functions: none
symbol engine: initialized successfully - sym options: 0x614 - pdb path: .;C:\Program Files\Java\jdk-17.0.1\bin;C:\WINDOWS\SYSTEM32;C:\WINDOWS\WinSxS\amd64_microsoft.windows.common-controls_6595b64144ccf1df_6.0.22621.608_none_a9444ca7c10bb01d;C:\Program Files\Java\jdk-17.0.1\bin\server;C:\Users\Victus\AppData\Local\Temp\lwjglVictus\3.3.1-build-7;C:\WINDOWS\System32\DriverStore\FileRepository\u0382767.inf_amd64_2ba2e1bcba1eb9ff\B378972

VM Arguments:
jvm_args: -XX:+ShowCodeDetailsInExceptionMessages 
java_command: project.Main
java_class_path (initial): D:\Java\Project\bin\main;C:\Users\Victus\.gradle\caches\modules-2\files-2.1\org.lwjgl\lwjgl-assimp\3.3.1\312072f451794f25670aebb0160ce6ec88aff842\lwjgl-assimp-3.3.1.jar;C:\Users\Victus\.gradle\caches\modules-2\files-2.1\org.lwjgl\lwjgl-bgfx\3.3.1\4243b7d255d885980f10c36edfb678729493685e\lwjgl-bgfx-3.3.1.jar;C:\Users\Victus\.gradle\caches\modules-2\files-2.1\org.lwjgl\lwjgl-cuda\3.3.1\8b67bd7760450f890eade8f74bfaf0dca10821fe\lwjgl-cuda-3.3.1.jar;C:\Users\Victus\.gradle\caches\modules-2\files-2.1\org.lwjgl\lwjgl-egl\3.3.1\8399e6734ad7d97d2e1f865b2c6c5232d5126dca\lwjgl-egl-3.3.1.jar;C:\Users\Victus\.gradle\caches\modules-2\files-2.1\org.lwjgl\lwjgl-glfw\3.3.1\cbac1b8d30cb4795149c1ef540f912671a8616d0\lwjgl-glfw-3.3.1.jar;C:\Users\Victus\.gradle\caches\modules-2\files-2.1\org.lwjgl\lwjgl-jawt\3.3.1\30330b16b809655d42f4951ece57f425cce43ce2\lwjgl-jawt-3.3.1.jar;C:\Users\Victus\.gradle\caches\modules-2\files-2.1\org.lwjgl\lwjgl-jemalloc\3.3.1\a817bcf213db49f710603677457567c37d53e103\lwjgl-jemalloc-3.3.1.jar;C:\Users\Victus\.gradle\caches\modules-2\files-2.1\org.lwjgl\lwjgl-libdivide\3.3.1\ed21d21e4f3d508908ef1a23d885e73983f244ea\lwjgl-libdivide-3.3.1.jar;C:\Users\Victus\.gradle\caches\modules-2\files-2.1\org.lwjgl\lwjgl-llvm\3.3.1\3d5a09bee2e62f93e79ee8a236d5c122b5e2d584\lwjgl-llvm-3.3.1.jar;C:\Users\Victus\.gradle\caches\modules-2\files-2.1\org.lwjgl\lwjgl-lmdb\3.3.1\519f16154e43f2e0732a0eb3cd36349892814dbf\lwjgl-lmdb-3.3.1.jar;C:\Users\Victus\.gradle\caches\modules-2\files-2.1\org.lwjgl\lwjgl-lz4\3.3.1\b796d0907d38d29bdbbc13f22927cc779276546e\lwjgl-lz4-3.3.1.jar;C:\Users\Victus\.gradle\caches\modules-2\files-2.1\org.lwjgl\lwjgl-meow\3.3.1\43b675a6577c8ed1d1bd38c8af99bbe2229beb69\lwjgl-meow-3.3.1.jar;C:\Users\Victus\.gradle\caches\modules-2\files-2.1\org.lwjgl\lwjgl-meshoptimizer\3.3.1\8cc3325a9bba8beba08190f909a6f0003d96ad8f\lwjgl-meshoptimizer-3.3.1.jar;C:\Users\Victus\.gradle\caches\modules-2\files-2.1\org.lwjgl\lwjgl-nanovg\3.3.1\2f3b4d8f9b
Launcher Type: SUN_STANDARD

[Global flags]
     intx CICompilerCount                          = 4                                         {product} {ergonomic}
     uint ConcGCThreads                            = 3                                         {product} {ergonomic}
     uint G1ConcRefinementThreads                  = 10                                        {product} {ergonomic}
   size_t G1HeapRegionSize                         = 1048576                                   {product} {ergonomic}
    uintx GCDrainStackTargetSize                   = 64                                        {product} {ergonomic}
   size_t InitialHeapSize                          = 123731968                                 {product} {ergonomic}
   size_t MarkStackSize                            = 4194304                                   {product} {ergonomic}
   size_t MaxHeapSize                              = 1973420032                                {product} {ergonomic}
   size_t MaxNewSize                               = 1183842304                                {product} {ergonomic}
   size_t MinHeapDeltaBytes                        = 1048576                                   {product} {ergonomic}
   size_t MinHeapSize                              = 8388608                                   {product} {ergonomic}
    uintx NonNMethodCodeHeapSize                   = 5839372                                {pd product} {ergonomic}
    uintx NonProfiledCodeHeapSize                  = 122909434                              {pd product} {ergonomic}
    uintx ProfiledCodeHeapSize                     = 122909434                              {pd product} {ergonomic}
    uintx ReservedCodeCacheSize                    = 251658240                              {pd product} {ergonomic}
     bool SegmentedCodeCache                       = true                                      {product} {ergonomic}
     bool ShowCodeDetailsInExceptionMessages       = true                                   {manageable} {command line}
   size_t SoftMaxHeapSize                          = 1973420032                             {manageable} {ergonomic}
     bool UseCompressedClassPointers               = true                           {product lp64_product} {ergonomic}
     bool UseCompressedOops                        = true                           {product lp64_product} {ergonomic}
     bool UseG1GC                                  = true                                      {product} {ergonomic}
     bool UseLargePagesIndividualAllocation        = false                                  {pd product} {ergonomic}

Logging:
Log output configuration:
 #0: stdout all=warning uptime,level,tags
 #1: stderr all=off uptime,level,tags

Environment Variables:
JAVA_HOME=C:\Program Files\Java\jdk-17.0.1
PATH=C:\Program Files\Java\jdk-17.0.1\bin;C:\Program Files (x86)\Common Files\Oracle\Java\javapath;C:\windows\System32;C:\windows;C:\windows\System32\Wbem;C:\windows\System32\WindowsPowerShell\v1.0\;C:\windows\System32\OpenSSH\;C:\Program Files (x86)\NVIDIA Corporation\PhysX\Common;C:\Program Files\NVIDIA Corporation\NVIDIA NvDLISR;D:\msys64\mingw64\bin;C:\Program Files (x86)\mingw-w64\i686-8.1.0-posix-dwarf-rt_v6-rev0\mingw32\bin;C:\ProgramData\chocolatey\bin;%QUARTUS_ROOTDIR%\bin;C:\Users\Victus\AppData\Local\Microsoft\WindowsApps\python3.exe;C:\Users\Victus\AppData\Local\Packages\PythonSoftwareFoundation.Python.3.10_qbz5n2kfra8p0\LocalCache\local-packages\Python310\Scripts;C:\Program Files\CMake\bin;C:\Gradle\gradle-7.3.3\bin;C:\Program Files\Git\cmd;C:\Program Files\nodejs\;C:\Program Files (x86)\ZeroTier\One\;C:\WINDOWS\system32;C:\WINDOWS;C:\WINDOWS\System32\Wbem;C:\WINDOWS\System32\WindowsPowerShell\v1.0\;C:\WINDOWS\System32\OpenSSH\;C:\Program Files\dotnet\;C:\Users\Victus\AppData\Local\Microsoft\WindowsApps;C:\Users\Victus\AppData\Local\Programs\Microsoft VS Code\bin;D:\msys64\mingw64\bin;C:\Users\Victus\AppData\Local\GitHubDesktop\bin;C:\Users\Victus\AppData\Roaming\npm;C:\Program Files\heroku\bin;C:\Program Files\Java\jdk-17.0.1\bin;C:\Program Files\Azure Data Studio\bin;C:\Users\Victus\AppData\Local\JetBrains\Toolbox\scripts;C:\Users\Victus\.dotnet\tools
USERNAME=Victus
LANG=en_US.UTF-8
OS=Windows_NT
PROCESSOR_IDENTIFIER=AMD64 Family 25 Model 80 Stepping 0, AuthenticAMD



---------------  S Y S T E M  ---------------

OS:
 Windows 10 , 64 bit Build 22621 (10.0.22621.1194)
OS uptime: 2 days 5:03 hours

CPU: total 12 (initial active 12) (12 cores per cpu, 2 threads per core) family 25 model 80 stepping 0 microcode 0x0, cx8, cmov, fxsr, ht, mmx, 3dnowpref, sse, sse2, sse3, ssse3, sse4a, sse4.1, sse4.2, popcnt, lzcnt, tsc, tscinvbit, avx, avx2, aes, erms, clmul, bmi1, bmi2, adx, sha, fma, vzeroupper, clflush, clflushopt

Memory: 4k page, system-wide physical 7524M (883M free)
TotalPageFile size 20324M (AvailPageFile size 6112M)
current process WorkingSet (physical memory assigned to process): 112M, peak: 112M
current process commit charge ("private bytes"): 383M, peak: 383M

vm_info: Java HotSpot(TM) 64-Bit Server VM (17.0.1+12-LTS-39) for windows-amd64 JRE (17.0.1+12-LTS-39), built on Sep 27 2021 18:41:35 by "mach5one" with MS VC++ 16.8 (VS2019)

END.
